2025/10/11 12:48:45 Starting server on :8080
2025/10/11 12:49:22 [webhook] JSON request sent to https://script.google.com/macros/s/AKfycbwt4gNmGIJIj2og0wCNUimbsW3MAwEgD_iUdpJCu3zeD61aqNE062KjHiUOaGD2assg6w/exec
2025/10/11 12:49:22 [webhook] response status: 302 Found
2025/10/11 12:49:22 [webhook] response body: <HTML>
<HEAD>
<TITLE>Moved Temporarily</TITLE>
</HEAD>
<BODY BGCOLOR="#FFFFFF" TEXT="#000000">
<!-- GSE Default Error -->
<H1>Moved Temporarily</H1>
The document has moved <A HREF="https://script.googleusercontent.com/macros/echo?user_content_key=AehSKLiGSV4I8NeA_4pjc_qP8awScVhDp2YjPlrG9AzXAijBQ698K5YaeCDKA1y6amnDdkIvJXpqA9-WhD2z5go6QPpg1GB47OHjBKLaIXnTauzk31C-uq_VSUXG4hL_nUaKwuIMUJOQmsyqbRuIq7as3Mcjc0ro_T834O8zmEa2Kqwbx36CjJsnGSYHqWuMk9Bm38GxU-htWXCUGp79vPbBWx4yKvSKpCKHpiJM4a8UAVTlPhoXc94Qxbyz9H5a54d9apica9OzFoSa186V5uPvj3VfuENxZgxu7DhmG7WN&amp;lib=MD4W-XxeV-Rne91VkghixiNI-DSCUny1M">here</A>.
</BODY>
</HTML>
2025/10/11 12:49:22 [webhook] Empty or error response detected; retrying as form-encoded POST
2025/10/11 12:49:24 [webhook] Form request response status: 302 Found
2025/10/11 12:49:24 [webhook] Form request response body: <HTML>
<HEAD>
<TITLE>Moved Temporarily</TITLE>
</HEAD>
<BODY BGCOLOR="#FFFFFF" TEXT="#000000">
<!-- GSE Default Error -->
<H1>Moved Temporarily</H1>
The document has moved <A HREF="https://script.googleusercontent.com/macros/echo?user_content_key=AehSKLjOjs_PmgmkZ7b1gSDm2pAcpizT7cQUYqRyJ94Nl-KgQE-N132lBn85xZHMOTVEz-33dvyFBnGhQog2Cbh9zw8EFHb8hoLyN1mGowzrYdy15OOsILSHKKZZeLB4QXcAEGn5J0Wg4Kn-p-It5K4pv9qkRlHIzhJCpU_0mLZU3e5Hpt3_-3rKX-AhmZBsCBI_cE9pIDirZgYYpIR353Nq3r1GOfZg808FjoFnAYX48W02GNBfuh8g9pfWCx8gvt7bZ2R6r65vXyVrwd-Q42Dfi6-zXtSxavZBUSsB1L9F&amp;lib=MD4W-XxeV-Rne91VkghixiNI-DSCUny1M">here</A>.
</BODY>
</HTML>
2025/10/11 12:49:59 [webhook] JSON request sent to https://script.google.com/macros/s/AKfycbwt4gNmGIJIj2og0wCNUimbsW3MAwEgD_iUdpJCu3zeD61aqNE062KjHiUOaGD2assg6w/exec
2025/10/11 12:49:59 [webhook] response status: 302 Found
2025/10/11 12:49:59 [webhook] response body: <HTML>
<HEAD>
<TITLE>Moved Temporarily</TITLE>
</HEAD>
<BODY BGCOLOR="#FFFFFF" TEXT="#000000">
<!-- GSE Default Error -->
<H1>Moved Temporarily</H1>
The document has moved <A HREF="https://script.googleusercontent.com/macros/echo?user_content_key=AehSKLgv69rDWHiOhtgt59xn_S9JVjP9qpN1wKCYhTPQtGFTA6a3aH0ZAU4WXsfm7XuM5DxCnA9DdPDUiBjzxXYrq7hiDuw_olqamBe1ZId3S7p3ITL9w_sorzj98WaXa0NND4J0nhAMcUYxYFGc9YpXgNPtzb2RLAJntqP8NzHV9ju0x2bCUlo5QLT47vTBFIdN3paLY5YoNzWNjWUR9mXwKO5zgtyBPuPkgFnAcwi7mcuecPaevawAJZEPzKn_iriw-QeZQFpRyoWEVffGRJEcS8henAysArb644ol10d4&amp;lib=MD4W-XxeV-Rne91VkghixiNI-DSCUny1M">here</A>.
</BODY>
</HTML>
2025/10/11 12:49:59 [webhook] Empty or error response detected; retrying as form-encoded POST
2025/10/11 12:50:01 [webhook] Form request response status: 302 Found
2025/10/11 12:50:01 [webhook] Form request response body: <HTML>
<HEAD>
<TITLE>Moved Temporarily</TITLE>
</HEAD>
<BODY BGCOLOR="#FFFFFF" TEXT="#000000">
<!-- GSE Default Error -->
<H1>Moved Temporarily</H1>
The document has moved <A HREF="https://script.googleusercontent.com/macros/echo?user_content_key=AehSKLiGAme35hfnpuMOItnHF54iVZtj-tfNvGpJeWZXv4hVbNSnOlKvC6umA_YkfmQRnfjgaDZQdxhl0qTPUOGCYfZ6tDSf6HScFanTpJlOP01PeYDTDEayBetQJ825vsMqnZI7IBIARSWWZJelnIYX7ywuabUStVxeeDdtMG1ft_jc6C8t-q3bzP8PXmP5OZqf89Cj8GfAOf0TcmJtVAozUEMOLXdv776CNIlxibmmi-a_a5xEh283yvFGd2lbvwwuBmNNC4XXYBXb_heLvL5WuPEGp-lNfD1kXrYT-fTt&amp;lib=MD4W-XxeV-Rne91VkghixiNI-DSCUny1M">here</A>.
</BODY>
</HTML>
